Arguments: 
  C:\Program Files\nodejs\node.exe C:\Users\nayan\AppData\Roaming\npm\node_modules\yarn\bin\yarn.js add react-native-heroicons react-native-svgyarn add react-native-heroicons react-native-svg

PATH: 
  C:\WINDOWS\system32;C:\WINDOWS;C:\WINDOWS\System32\Wbem;C:\WINDOWS\System32\WindowsPowerShell\v1.0\;C:\WINDOWS\System32\OpenSSH\;C:\Program Files\Git\cmd;C:\Program Files\nodejs\;C:\Users\nayan\AppData\Local\Microsoft\WindowsApps;C:\Users\nayan\AppData\Local\Programs\Microsoft VS Code\bin;C:\Users\nayan\AppData\Local\Programs\oh-my-posh\bin;C:\Program Files\MongoDB\Server\6.0\bin;C:\Users\nayan\AppData\Roaming\npm

Yarn version: 
  1.22.18

Node version: 
  16.16.0

Platform: 
  win32 x64

Trace: 
  Error: https://registry.yarnpkg.com/react-native-svgyarn: Not found
      at Request.params.callback [as _callback] (C:\Users\nayan\AppData\Roaming\npm\node_modules\yarn\lib\cli.js:66138:18)
      at Request.self.callback (C:\Users\nayan\AppData\Roaming\npm\node_modules\yarn\lib\cli.js:140883:22)
      at Request.emit (node:events:527:28)
      at Request.<anonymous> (C:\Users\nayan\AppData\Roaming\npm\node_modules\yarn\lib\cli.js:141855:10)
      at Request.emit (node:events:527:28)
      at IncomingMessage.<anonymous> (C:\Users\nayan\AppData\Roaming\npm\node_modules\yarn\lib\cli.js:141777:12)
      at Object.onceWrapper (node:events:641:28)
      at IncomingMessage.emit (node:events:539:35)
      at endReadableNT (node:internal/streams/readable:1345:12)
      at processTicksAndRejections (node:internal/process/task_queues:83:21)

npm manifest: 
  {
    "name": "deliveryapp",
    "version": "1.0.0",
    "main": "node_modules/expo/AppEntry.js",
    "scripts": {
      "start": "expo start",
      "android": "expo start --android",
      "ios": "expo start --ios",
      "web": "expo start --web"
    },
    "dependencies": {
      "@react-navigation/native": "^6.0.11",
      "@react-navigation/native-stack": "^6.7.0",
      "expo": "~46.0.7",
      "expo-status-bar": "~1.4.0",
      "react": "18.0.0",
      "react-native": "0.69.4",
      "react-native-safe-area-context": "4.3.1",
      "react-native-screens": "~3.15.0",
      "tailwindcss-react-native": "^1.7.10"
    },
    "devDependencies": {
      "@babel/core": "^7.12.9",
      "tailwindcss": "^3.1.8"
    },
    "private": true
  }

yarn manifest: 
  No manifest

Lockfile: 
  No lockfile
